<?xml version="1.0" encoding="UTF-8"?>
<testng-results ignored="0" total="2" passed="2" failed="0" skipped="0">
  <reporter-output>
  </reporter-output>
  <suite started-at="2025-06-19T16:57:20 BST" name="Surefire suite" finished-at="2025-06-19T16:57:31 BST" duration-ms="11061">
    <groups>
    </groups>
    <test started-at="2025-06-19T16:57:20 BST" name="Surefire test" finished-at="2025-06-19T16:57:31 BST" duration-ms="11061">
      <class name="com.demoqa.testcases.Tester">
        <test-method is-config="true" signature="initTest()[pri:0, instance:com.demoqa.testcases.Tester@6b0d80ed]" started-at="2025-06-19T16:57:20 BST" name="initTest" finished-at="2025-06-19T16:57:23 BST" duration-ms="3199" status="PASS">
          <reporter-output>
          </reporter-output>
        </test-method> <!-- initTest -->
        <test-method signature="testElementsListCollapsible()[pri:0, instance:com.demoqa.testcases.Tester@6b0d80ed]" started-at="2025-06-19T16:57:23 BST" name="testElementsListCollapsible" finished-at="2025-06-19T16:57:24 BST" duration-ms="1111" status="PASS">
          <reporter-output>
          </reporter-output>
        </test-method> <!-- testElementsListCollapsible -->
        <test-method is-config="true" signature="tearDown()[pri:0, instance:com.demoqa.testcases.Tester@6b0d80ed]" started-at="2025-06-19T16:57:24 BST" name="tearDown" finished-at="2025-06-19T16:57:26 BST" duration-ms="1752" status="PASS">
          <reporter-output>
          </reporter-output>
        </test-method> <!-- tearDown -->
        <test-method is-config="true" signature="initTest()[pri:0, instance:com.demoqa.testcases.Tester@6b0d80ed]" started-at="2025-06-19T16:57:26 BST" name="initTest" finished-at="2025-06-19T16:57:28 BST" duration-ms="2161" status="PASS">
          <reporter-output>
          </reporter-output>
        </test-method> <!-- initTest -->
        <test-method signature="testEmptyUserNameField()[pri:0, instance:com.demoqa.testcases.Tester@6b0d80ed]" started-at="2025-06-19T16:57:28 BST" name="testEmptyUserNameField" finished-at="2025-06-19T16:57:29 BST" duration-ms="974" status="PASS">
          <reporter-output>
          </reporter-output>
        </test-method> <!-- testEmptyUserNameField -->
        <test-method is-config="true" signature="tearDown()[pri:0, instance:com.demoqa.testcases.Tester@6b0d80ed]" started-at="2025-06-19T16:57:29 BST" name="tearDown" finished-at="2025-06-19T16:57:31 BST" duration-ms="1700" status="PASS">
          <reporter-output>
          </reporter-output>
        </test-method> <!-- tearDown -->
      </class> <!-- com.demoqa.testcases.Tester -->
    </test> <!-- Surefire test -->
  </suite> <!-- Surefire suite -->
</testng-results>
