<?xml version="1.0" encoding="UTF-8"?>
<testng-results ignored="0" total="2" passed="2" failed="0" skipped="0">
  <reporter-output>
  </reporter-output>
  <suite started-at="2025-06-19T09:25:38 BST" name="Surefire suite" finished-at="2025-06-19T09:25:49 BST" duration-ms="10503">
    <groups>
    </groups>
    <test started-at="2025-06-19T09:25:38 BST" name="Surefire test" finished-at="2025-06-19T09:25:49 BST" duration-ms="10503">
      <class name="com.demoqa.testcases.Tester">
        <test-method is-config="true" signature="initTest()[pri:0, instance:com.demoqa.testcases.Tester@1ec9bd38]" started-at="2025-06-19T09:25:38 BST" name="initTest" finished-at="2025-06-19T09:25:41 BST" duration-ms="2816" status="PASS">
          <reporter-output>
          </reporter-output>
        </test-method> <!-- initTest -->
        <test-method signature="testElementsListCollapsible()[pri:0, instance:com.demoqa.testcases.Tester@1ec9bd38]" started-at="2025-06-19T09:25:41 BST" name="testElementsListCollapsible" finished-at="2025-06-19T09:25:43 BST" duration-ms="1402" status="PASS">
          <reporter-output>
          </reporter-output>
        </test-method> <!-- testElementsListCollapsible -->
        <test-method is-config="true" signature="tearDown()[pri:0, instance:com.demoqa.testcases.Tester@1ec9bd38]" started-at="2025-06-19T09:25:43 BST" name="tearDown" finished-at="2025-06-19T09:25:44 BST" duration-ms="1500" status="PASS">
          <reporter-output>
          </reporter-output>
        </test-method> <!-- tearDown -->
        <test-method is-config="true" signature="initTest()[pri:0, instance:com.demoqa.testcases.Tester@1ec9bd38]" started-at="2025-06-19T09:25:44 BST" name="initTest" finished-at="2025-06-19T09:25:46 BST" duration-ms="1798" status="PASS">
          <reporter-output>
          </reporter-output>
        </test-method> <!-- initTest -->
        <test-method signature="testEmptyUserNameField()[pri:0, instance:com.demoqa.testcases.Tester@1ec9bd38]" started-at="2025-06-19T09:25:46 BST" name="testEmptyUserNameField" finished-at="2025-06-19T09:25:47 BST" duration-ms="1360" status="PASS">
          <reporter-output>
          </reporter-output>
        </test-method> <!-- testEmptyUserNameField -->
        <test-method is-config="true" signature="tearDown()[pri:0, instance:com.demoqa.testcases.Tester@1ec9bd38]" started-at="2025-06-19T09:25:47 BST" name="tearDown" finished-at="2025-06-19T09:25:49 BST" duration-ms="1414" status="PASS">
          <reporter-output>
          </reporter-output>
        </test-method> <!-- tearDown -->
      </class> <!-- com.demoqa.testcases.Tester -->
    </test> <!-- Surefire test -->
  </suite> <!-- Surefire suite -->
</testng-results>
