<?xml version="1.0" encoding="UTF-8"?>
<testng-results ignored="0" total="3" passed="2" failed="1" skipped="0">
  <reporter-output>
  </reporter-output>
  <suite started-at="2025-06-20T12:11:47 BST" name="Default suite" finished-at="2025-06-20T12:12:01 BST" duration-ms="14571">
    <groups>
    </groups>
    <test started-at="2025-06-20T12:11:47 BST" name="Default test" finished-at="2025-06-20T12:12:01 BST" duration-ms="14571">
      <class name="com.demoqa.testcases.Tester">
        <test-method is-config="true" signature="initTest()[pri:0, instance:com.demoqa.testcases.Tester@130e116b]" started-at="2025-06-20T12:11:47 BST" name="initTest" finished-at="2025-06-20T12:11:49 BST" duration-ms="2473" status="PASS">
          <reporter-output>
          </reporter-output>
        </test-method> <!-- initTest -->
        <test-method signature="testDBConnection()[pri:0, instance:com.demoqa.testcases.Tester@130e116b]" started-at="2025-06-20T12:11:49 BST" name="testDBConnection" finished-at="2025-06-20T12:11:50 BST" duration-ms="238" status="PASS">
          <reporter-output>
          </reporter-output>
        </test-method> <!-- testDBConnection -->
        <test-method is-config="true" signature="tearDown()[pri:0, instance:com.demoqa.testcases.Tester@130e116b]" started-at="2025-06-20T12:11:50 BST" name="tearDown" finished-at="2025-06-20T12:11:51 BST" duration-ms="1529" status="PASS">
          <reporter-output>
          </reporter-output>
        </test-method> <!-- tearDown -->
        <test-method is-config="true" signature="initTest()[pri:0, instance:com.demoqa.testcases.Tester@130e116b]" started-at="2025-06-20T12:11:51 BST" name="initTest" finished-at="2025-06-20T12:11:53 BST" duration-ms="2125" status="PASS">
          <reporter-output>
          </reporter-output>
        </test-method> <!-- initTest -->
        <test-method signature="testElementsListCollapsible()[pri:0, instance:com.demoqa.testcases.Tester@130e116b]" started-at="2025-06-20T12:11:53 BST" name="testElementsListCollapsible" finished-at="2025-06-20T12:11:55 BST" duration-ms="1217" status="PASS">
          <reporter-output>
          </reporter-output>
        </test-method> <!-- testElementsListCollapsible -->
        <test-method is-config="true" signature="tearDown()[pri:0, instance:com.demoqa.testcases.Tester@130e116b]" started-at="2025-06-20T12:11:55 BST" name="tearDown" finished-at="2025-06-20T12:11:56 BST" duration-ms="1684" status="PASS">
          <reporter-output>
          </reporter-output>
        </test-method> <!-- tearDown -->
        <test-method is-config="true" signature="initTest()[pri:0, instance:com.demoqa.testcases.Tester@130e116b]" started-at="2025-06-20T12:11:56 BST" name="initTest" finished-at="2025-06-20T12:11:58 BST" duration-ms="2104" status="PASS">
          <reporter-output>
          </reporter-output>
        </test-method> <!-- initTest -->
        <test-method signature="testEmptyUserNameField()[pri:0, instance:com.demoqa.testcases.Tester@130e116b]" started-at="2025-06-20T12:11:58 BST" name="testEmptyUserNameField" finished-at="2025-06-20T12:12:00 BST" duration-ms="1226" status="FAIL">
          <exception class="java.lang.AssertionError">
            <message>
              <![CDATA[Attempting to login without credentials expected [true] but found [false]]]>
            </message>
            <full-stacktrace>
              <![CDATA[java.lang.AssertionError: Attempting to login without credentials expected [true] but found [false]
at org.testng.Assert.fail(Assert.java:111)
at org.testng.Assert.failNotEquals(Assert.java:1590)
at org.testng.Assert.assertTrue(Assert.java:57)
at com.demoqa.testcases.Tester.testEmptyUserNameField(Tester.java:56)
at java.base/jdk.internal.reflect.NativeMethodAccessorImpl.invoke0(Native Method)
at java.base/jdk.internal.reflect.NativeMethodAccessorImpl.invoke(NativeMethodAccessorImpl.java:77)
at java.base/jdk.internal.reflect.DelegatingMethodAccessorImpl.invoke(DelegatingMethodAccessorImpl.java:43)
at java.base/java.lang.reflect.Method.invoke(Method.java:568)
at org.testng.internal.invokers.MethodInvocationHelper.invokeMethod(MethodInvocationHelper.java:141)
at org.testng.internal.invokers.TestInvoker.invokeMethod(TestInvoker.java:687)
at org.testng.internal.invokers.TestInvoker.invokeTestMethod(TestInvoker.java:230)
at org.testng.internal.invokers.MethodRunner.runInSequence(MethodRunner.java:63)
at org.testng.internal.invokers.TestInvoker$MethodInvocationAgent.invoke(TestInvoker.java:995)
at org.testng.internal.invokers.TestInvoker.invokeTestMethods(TestInvoker.java:203)
at org.testng.internal.invokers.TestMethodWorker.invokeTestMethods(TestMethodWorker.java:154)
at org.testng.internal.invokers.TestMethodWorker.run(TestMethodWorker.java:134)
at java.base/java.util.ArrayList.forEach(ArrayList.java:1511)
at org.testng.TestRunner.privateRun(TestRunner.java:741)
at org.testng.TestRunner.run(TestRunner.java:616)
at org.testng.SuiteRunner.runTest(SuiteRunner.java:421)
at org.testng.SuiteRunner.runSequentially(SuiteRunner.java:413)
at org.testng.SuiteRunner.privateRun(SuiteRunner.java:373)
at org.testng.SuiteRunner.run(SuiteRunner.java:312)
at org.testng.SuiteRunnerWorker.runSuite(SuiteRunnerWorker.java:52)
at org.testng.SuiteRunnerWorker.run(SuiteRunnerWorker.java:95)
at org.testng.TestNG.runSuitesSequentially(TestNG.java:1274)
at org.testng.TestNG.runSuitesLocally(TestNG.java:1208)
at org.testng.TestNG.runSuites(TestNG.java:1112)
at org.testng.TestNG.run(TestNG.java:1079)
at org.testng.remote.AbstractRemoteTestNG.run(AbstractRemoteTestNG.java:115)
at org.testng.remote.RemoteTestNG.initAndRun(RemoteTestNG.java:293)
at org.testng.remote.RemoteTestNG.main(RemoteTestNG.java:91)
]]>
            </full-stacktrace>
          </exception> <!-- java.lang.AssertionError -->
          <reporter-output>
          </reporter-output>
        </test-method> <!-- testEmptyUserNameField -->
        <test-method is-config="true" signature="tearDown()[pri:0, instance:com.demoqa.testcases.Tester@130e116b]" started-at="2025-06-20T12:12:00 BST" name="tearDown" finished-at="2025-06-20T12:12:01 BST" duration-ms="1652" status="PASS">
          <reporter-output>
          </reporter-output>
        </test-method> <!-- tearDown -->
      </class> <!-- com.demoqa.testcases.Tester -->
    </test> <!-- Default test -->
  </suite> <!-- Default suite -->
</testng-results>
